<?xml version="1.0" encoding="UTF-8"?>
<testng-results skipped="0" failed="0" ignored="0" total="3" passed="3">
  <reporter-output>
    <line>
      <![CDATA[Correct response code]]>
    </line>
  </reporter-output>
  <suite name="Default suite" duration-ms="16032" started-at="2018-07-01T17:21:52Z" finished-at="2018-07-01T17:22:08Z">
    <groups>
    </groups>
    <test name="Default test" duration-ms="16032" started-at="2018-07-01T17:21:52Z" finished-at="2018-07-01T17:22:08Z">
      <class name="testCases.WebSerivceTestCase">
        <test-method status="PASS" signature="beforeMethod()[pri:0, instance:testCases.WebSerivceTestCase@2b98378d]" name="beforeMethod" is-config="true" duration-ms="8510" started-at="2018-07-01T17:21:52Z" finished-at="2018-07-01T17:22:00Z">
          <reporter-output>
          </reporter-output>
        </test-method> <!-- beforeMethod -->
        <test-method status="PASS" signature="verifyCommentBody()[pri:0, instance:testCases.WebSerivceTestCase@2b98378d]" name="verifyCommentBody" duration-ms="844" started-at="2018-07-01T17:22:00Z" finished-at="2018-07-01T17:22:01Z">
          <reporter-output>
          </reporter-output>
        </test-method> <!-- verifyCommentBody -->
        <test-method status="PASS" signature="beforeMethod()[pri:0, instance:testCases.WebSerivceTestCase@2b98378d]" name="beforeMethod" is-config="true" duration-ms="3262" started-at="2018-07-01T17:22:01Z" finished-at="2018-07-01T17:22:04Z">
          <reporter-output>
          </reporter-output>
        </test-method> <!-- beforeMethod -->
        <test-method status="PASS" signature="makeRequestAndGetResponseCode()[pri:0, instance:testCases.WebSerivceTestCase@2b98378d]" name="makeRequestAndGetResponseCode" duration-ms="3" started-at="2018-07-01T17:22:04Z" finished-at="2018-07-01T17:22:04Z">
          <reporter-output>
            <line>
              <![CDATA[Correct response code]]>
            </line>
          </reporter-output>
        </test-method> <!-- makeRequestAndGetResponseCode -->
        <test-method status="PASS" signature="beforeMethod()[pri:0, instance:testCases.WebSerivceTestCase@2b98378d]" name="beforeMethod" is-config="true" duration-ms="3321" started-at="2018-07-01T17:22:04Z" finished-at="2018-07-01T17:22:08Z">
          <reporter-output>
          </reporter-output>
        </test-method> <!-- beforeMethod -->
        <test-method status="PASS" signature="postIdWithCertainValue()[pri:0, instance:testCases.WebSerivceTestCase@2b98378d]" name="postIdWithCertainValue" duration-ms="4" started-at="2018-07-01T17:22:08Z" depends-on-methods="testCases.WebSerivceTestCase.verifyCommentBody" finished-at="2018-07-01T17:22:08Z">
          <reporter-output>
          </reporter-output>
        </test-method> <!-- postIdWithCertainValue -->
      </class> <!-- testCases.WebSerivceTestCase -->
    </test> <!-- Default test -->
  </suite> <!-- Default suite -->
</testng-results>
