<?xml version="1.0" encoding="UTF-8"?>
<testng-results skipped="0" failed="0" ignored="0" total="1" passed="1">
  <reporter-output>
    <line>
      <![CDATA[Correct response code]]>
    </line>
  </reporter-output>
  <suite name="testCases.WebSerivceTestCase" duration-ms="2092" started-at="2018-07-01T15:33:43Z" finished-at="2018-07-01T15:33:45Z">
    <groups>
    </groups>
    <test name="Command line test" duration-ms="2092" started-at="2018-07-01T15:33:43Z" finished-at="2018-07-01T15:33:45Z">
      <class name="testCases.WebSerivceTestCase">
        <test-method status="PASS" signature="testUsingJacson()[pri:0, instance:testCases.WebSerivceTestCase@6fadae5d]" name="testUsingJacson" duration-ms="2047" started-at="2018-07-01T15:33:43Z" finished-at="2018-07-01T15:33:45Z">
          <reporter-output>
            <line>
              <![CDATA[Correct response code]]>
            </line>
          </reporter-output>
        </test-method> <!-- testUsingJacson -->
      </class> <!-- testCases.WebSerivceTestCase -->
    </test> <!-- Command line test -->
  </suite> <!-- testCases.WebSerivceTestCase -->
</testng-results>
