<?xml version="1.0" encoding="UTF-8"?>
<!-- Generated by org.testng.reporters.JUnitXMLReporter -->
<testsuite hostname="WKWIN7683238" ignored="0" name="Default test" tests="3" failures="0" timestamp="01 Jul 2018 17:22:08 GMT" time="16.032" errors="0">
  <testcase name="verifyCommentBody" time="0.844" classname="testCases.WebSerivceTestCase"/>
  <testcase name="makeRequestAndGetResponseCode" time="0.003" classname="testCases.WebSerivceTestCase"/>
  <testcase name="postIdWithCertainValue" time="0.004" classname="testCases.WebSerivceTestCase"/>
</testsuite> <!-- Default test -->
